<?xml version="1.0" encoding="UTF-8"?>
<!-- Generated by org.testng.reporters.JUnitReportReporter -->
<testsuite hostname="DESKTOP-9TT4A0V" failures="0" tests="1" name="com.testing.Anno" time="0.029" errors="0" timestamp="2024-10-10T11:36:16 EDT" skipped="0">
  <testcase classname="com.testing.Anno" name="getCart" time="0.029"/>
  <system-out/>
</testsuite> <!-- com.testing.Anno -->
