<?xml version="1.0" encoding="UTF-8"?>
<!-- Generated by org.testng.reporters.JUnitReportReporter -->
<testsuite hostname="DESKTOP-9TT4A0V" failures="0" tests="1" name="com.testing.Assertion" time="0.025" errors="0" timestamp="2024-10-10T16:49:03 EDT" skipped="0">
  <testcase classname="com.testing.Assertion" name="getMoney" time="0.025"/>
  <system-out/>
</testsuite> <!-- com.testing.Assertion -->
